[0.403s] Invoking command in '/home/aysenur/planning_ws/path_planning_ws/src/maze_bot': PYTHONPATH=/home/aysenur/planning_ws/path_planning_ws/build/maze_bot/prefix_override:/home/aysenur/planning_ws/path_planning_ws/install/maze_bot/lib/python3.8/site-packages:${PYTHONPATH} /usr/bin/python3 setup.py egg_info --egg-base ../../build/maze_bot build --build-base /home/aysenur/planning_ws/path_planning_ws/build/maze_bot/build install --record /home/aysenur/planning_ws/path_planning_ws/build/maze_bot/install.log --single-version-externally-managed
[0.535s] running egg_info
[0.535s] writing ../../build/maze_bot/maze_bot.egg-info/PKG-INFO
[0.535s] writing dependency_links to ../../build/maze_bot/maze_bot.egg-info/dependency_links.txt
[0.535s] writing entry points to ../../build/maze_bot/maze_bot.egg-info/entry_points.txt
[0.535s] writing requirements to ../../build/maze_bot/maze_bot.egg-info/requires.txt
[0.535s] writing top-level names to ../../build/maze_bot/maze_bot.egg-info/top_level.txt
[0.558s] reading manifest file '../../build/maze_bot/maze_bot.egg-info/SOURCES.txt'
[0.559s] writing manifest file '../../build/maze_bot/maze_bot.egg-info/SOURCES.txt'
[0.559s] running build
[0.559s] running build_py
[0.559s] running install
[0.560s] running install_lib
[0.561s] running install_data
[0.561s] copying urdf/maze_bot.urdf -> /home/aysenur/planning_ws/path_planning_ws/install/maze_bot/share/maze_bot/urdf
[0.561s] running install_egg_info
[0.562s] removing '/home/aysenur/planning_ws/path_planning_ws/install/maze_bot/lib/python3.8/site-packages/maze_bot-0.0.0-py3.8.egg-info' (and everything under it)
[0.563s] Copying ../../build/maze_bot/maze_bot.egg-info to /home/aysenur/planning_ws/path_planning_ws/install/maze_bot/lib/python3.8/site-packages/maze_bot-0.0.0-py3.8.egg-info
[0.563s] running install_scripts
[0.574s] Installing driving_node script to /home/aysenur/planning_ws/path_planning_ws/install/maze_bot/lib/maze_bot
[0.574s] Installing go_to_goal script to /home/aysenur/planning_ws/path_planning_ws/install/maze_bot/lib/maze_bot
[0.574s] Installing maze_solver script to /home/aysenur/planning_ws/path_planning_ws/install/maze_bot/lib/maze_bot
[0.574s] Installing video_recorder script to /home/aysenur/planning_ws/path_planning_ws/install/maze_bot/lib/maze_bot
[0.574s] writing list of installed files to '/home/aysenur/planning_ws/path_planning_ws/build/maze_bot/install.log'
[0.588s] Invoked command in '/home/aysenur/planning_ws/path_planning_ws/src/maze_bot' returned '0': PYTHONPATH=/home/aysenur/planning_ws/path_planning_ws/build/maze_bot/prefix_override:/home/aysenur/planning_ws/path_planning_ws/install/maze_bot/lib/python3.8/site-packages:${PYTHONPATH} /usr/bin/python3 setup.py egg_info --egg-base ../../build/maze_bot build --build-base /home/aysenur/planning_ws/path_planning_ws/build/maze_bot/build install --record /home/aysenur/planning_ws/path_planning_ws/build/maze_bot/install.log --single-version-externally-managed
