[3.093s] Invoking command in '/home/aysenur/planning_ws/path_planning_ws/src/maze_bot': PYTHONPATH=/home/aysenur/planning_ws/path_planning_ws/build/maze_bot/prefix_override:/home/aysenur/planning_ws/path_planning_ws/install/maze_bot/lib/python3.8/site-packages:${PYTHONPATH} /usr/bin/python3 setup.py egg_info --egg-base ../../build/maze_bot build --build-base /home/aysenur/planning_ws/path_planning_ws/build/maze_bot/build install --record /home/aysenur/planning_ws/path_planning_ws/build/maze_bot/install.log --single-version-externally-managed
[4.060s] running egg_info
[4.069s] writing ../../build/maze_bot/maze_bot.egg-info/PKG-INFO
[4.071s] writing dependency_links to ../../build/maze_bot/maze_bot.egg-info/dependency_links.txt
[4.074s] writing entry points to ../../build/maze_bot/maze_bot.egg-info/entry_points.txt
[4.077s] writing requirements to ../../build/maze_bot/maze_bot.egg-info/requires.txt
[4.078s] writing top-level names to ../../build/maze_bot/maze_bot.egg-info/top_level.txt
[4.229s] reading manifest file '../../build/maze_bot/maze_bot.egg-info/SOURCES.txt'
[4.231s] writing manifest file '../../build/maze_bot/maze_bot.egg-info/SOURCES.txt'
[4.231s] running build
[4.231s] running build_py
[4.234s] running install
[4.240s] running install_lib
[4.250s] running install_data
[4.251s] running install_egg_info
[4.262s] removing '/home/aysenur/planning_ws/path_planning_ws/install/maze_bot/lib/python3.8/site-packages/maze_bot-0.0.0-py3.8.egg-info' (and everything under it)
[4.266s] Copying ../../build/maze_bot/maze_bot.egg-info to /home/aysenur/planning_ws/path_planning_ws/install/maze_bot/lib/python3.8/site-packages/maze_bot-0.0.0-py3.8.egg-info
[4.268s] running install_scripts
[4.350s] Installing driving_node script to /home/aysenur/planning_ws/path_planning_ws/install/maze_bot/lib/maze_bot
[4.351s] Installing go_to_goal script to /home/aysenur/planning_ws/path_planning_ws/install/maze_bot/lib/maze_bot
[4.351s] Installing maze_solver script to /home/aysenur/planning_ws/path_planning_ws/install/maze_bot/lib/maze_bot
[4.351s] Installing video_recorder script to /home/aysenur/planning_ws/path_planning_ws/install/maze_bot/lib/maze_bot
[4.352s] writing list of installed files to '/home/aysenur/planning_ws/path_planning_ws/build/maze_bot/install.log'
[4.500s] Invoked command in '/home/aysenur/planning_ws/path_planning_ws/src/maze_bot' returned '0': PYTHONPATH=/home/aysenur/planning_ws/path_planning_ws/build/maze_bot/prefix_override:/home/aysenur/planning_ws/path_planning_ws/install/maze_bot/lib/python3.8/site-packages:${PYTHONPATH} /usr/bin/python3 setup.py egg_info --egg-base ../../build/maze_bot build --build-base /home/aysenur/planning_ws/path_planning_ws/build/maze_bot/build install --record /home/aysenur/planning_ws/path_planning_ws/build/maze_bot/install.log --single-version-externally-managed
