/home/aysenur/path_planning_ws/install/maze_bot/lib/python3.8/site-packages/maze_bot/utilities.py
/home/aysenur/path_planning_ws/install/maze_bot/lib/python3.8/site-packages/maze_bot/maze_solver.py
/home/aysenur/path_planning_ws/install/maze_bot/lib/python3.8/site-packages/maze_bot/bot_pathplanning.py
/home/aysenur/path_planning_ws/install/maze_bot/lib/python3.8/site-packages/maze_bot/bot_localization.py
/home/aysenur/path_planning_ws/install/maze_bot/lib/python3.8/site-packages/maze_bot/__init__.py
/home/aysenur/path_planning_ws/install/maze_bot/lib/python3.8/site-packages/maze_bot/test_mapping.py
/home/aysenur/path_planning_ws/install/maze_bot/lib/python3.8/site-packages/maze_bot/bot_mapping.py
/home/aysenur/path_planning_ws/install/maze_bot/lib/python3.8/site-packages/maze_bot/config.py
/home/aysenur/path_planning_ws/install/maze_bot/lib/python3.8/site-packages/maze_bot/bot_motionplanning.py
/home/aysenur/path_planning_ws/install/maze_bot/lib/python3.8/site-packages/maze_bot/__pycache__/utilities.cpython-38.pyc
/home/aysenur/path_planning_ws/install/maze_bot/lib/python3.8/site-packages/maze_bot/__pycache__/maze_solver.cpython-38.pyc
/home/aysenur/path_planning_ws/install/maze_bot/lib/python3.8/site-packages/maze_bot/__pycache__/bot_pathplanning.cpython-38.pyc
/home/aysenur/path_planning_ws/install/maze_bot/lib/python3.8/site-packages/maze_bot/__pycache__/bot_localization.cpython-38.pyc
/home/aysenur/path_planning_ws/install/maze_bot/lib/python3.8/site-packages/maze_bot/__pycache__/__init__.cpython-38.pyc
/home/aysenur/path_planning_ws/install/maze_bot/lib/python3.8/site-packages/maze_bot/__pycache__/test_mapping.cpython-38.pyc
/home/aysenur/path_planning_ws/install/maze_bot/lib/python3.8/site-packages/maze_bot/__pycache__/bot_mapping.cpython-38.pyc
/home/aysenur/path_planning_ws/install/maze_bot/lib/python3.8/site-packages/maze_bot/__pycache__/config.cpython-38.pyc
/home/aysenur/path_planning_ws/install/maze_bot/lib/python3.8/site-packages/maze_bot/__pycache__/bot_motionplanning.cpython-38.pyc
/home/aysenur/path_planning_ws/install/maze_bot/share/ament_index/resource_index/packages/maze_bot
/home/aysenur/path_planning_ws/install/maze_bot/share/maze_bot/package.xml
/home/aysenur/path_planning_ws/install/maze_bot/share/maze_bot/launch/maze_2_robot_camera.launch.py
/home/aysenur/path_planning_ws/install/maze_bot/share/maze_bot/launch/gazebo.launch.py
/home/aysenur/path_planning_ws/install/maze_bot/share/maze_bot/launch/rviz.launch.py
/home/aysenur/path_planning_ws/install/maze_bot/share/maze_bot/launch/maze_1_robot_camera.launch.py
/home/aysenur/path_planning_ws/install/maze_bot/share/maze_bot/urdf/mobile_robot.urdf
/home/aysenur/path_planning_ws/install/maze_bot/share/maze_bot/meshes/wheel_l.stl
/home/aysenur/path_planning_ws/install/maze_bot/share/maze_bot/meshes/front_caster.stl
/home/aysenur/path_planning_ws/install/maze_bot/share/maze_bot/meshes/wheel_r.stl
/home/aysenur/path_planning_ws/install/maze_bot/share/maze_bot/meshes/base_link.stl
/home/aysenur/path_planning_ws/install/maze_bot/share/maze_bot/meshes/wheel.stl
/home/aysenur/path_planning_ws/install/maze_bot/share/maze_bot/meshes/caster.stl
/home/aysenur/path_planning_ws/install/maze_bot/share/maze_bot/worlds/maze_2.world
/home/aysenur/path_planning_ws/install/maze_bot/share/maze_bot/worlds/maze_1.world
/home/aysenur/path_planning_ws/install/maze_bot/lib/python3.8/site-packages/maze_bot-0.0.0-py3.8.egg-info/dependency_links.txt
/home/aysenur/path_planning_ws/install/maze_bot/lib/python3.8/site-packages/maze_bot-0.0.0-py3.8.egg-info/entry_points.txt
/home/aysenur/path_planning_ws/install/maze_bot/lib/python3.8/site-packages/maze_bot-0.0.0-py3.8.egg-info/PKG-INFO
/home/aysenur/path_planning_ws/install/maze_bot/lib/python3.8/site-packages/maze_bot-0.0.0-py3.8.egg-info/SOURCES.txt
/home/aysenur/path_planning_ws/install/maze_bot/lib/python3.8/site-packages/maze_bot-0.0.0-py3.8.egg-info/top_level.txt
/home/aysenur/path_planning_ws/install/maze_bot/lib/python3.8/site-packages/maze_bot-0.0.0-py3.8.egg-info/requires.txt
/home/aysenur/path_planning_ws/install/maze_bot/lib/python3.8/site-packages/maze_bot-0.0.0-py3.8.egg-info/zip-safe
/home/aysenur/path_planning_ws/install/maze_bot/lib/maze_bot/driving_node
/home/aysenur/path_planning_ws/install/maze_bot/lib/maze_bot/go_to_goal
/home/aysenur/path_planning_ws/install/maze_bot/lib/maze_bot/maze_solver
/home/aysenur/path_planning_ws/install/maze_bot/lib/maze_bot/video_recorder
