[1.061s] DEBUG:colcon:Command line arguments: ['/usr/bin/colcon', 'build']
[1.062s] DEBUG:colcon:Parsed command line arguments: Namespace(allow_overriding=[], ament_cmake_args=None, base_paths=['.'], build_base='build', catkin_cmake_args=None, catkin_skip_building_tests=False, cmake_args=None, cmake_clean_cache=False, cmake_clean_first=False, cmake_force_configure=False, cmake_target=None, cmake_target_skip_unavailable=False, continue_on_error=False, event_handlers=None, executor='parallel', ignore_user_meta=False, install_base='install', log_base=None, log_level=None, main=<bound method BuildVerb.main of <colcon_core.verb.build.BuildVerb object at 0x7f453e7ff0a0>>, merge_install=False, metas=['./colcon.meta'], packages_above=None, packages_above_and_dependencies=None, packages_above_depth=None, packages_end=None, packages_ignore=None, packages_ignore_regex=None, packages_select=None, packages_select_build_failed=False, packages_select_by_dep=None, packages_select_regex=None, packages_select_test_failures=False, packages_skip=None, packages_skip_build_finished=False, packages_skip_by_dep=None, packages_skip_regex=None, packages_skip_test_passed=False, packages_skip_up_to=None, packages_start=None, packages_up_to=None, packages_up_to_regex=None, parallel_workers=12, paths=None, symlink_install=False, test_result_base=None, verb_extension=<colcon_core.verb.build.BuildVerb object at 0x7f453e7ff0a0>, verb_name='build', verb_parser=<colcon_defaults.argument_parser.defaults.DefaultArgumentsDecorator object at 0x7f453e7ff5e0>)
[1.153s] Level 1:colcon.colcon_core.package_discovery:discover_packages(colcon_meta) check parameters
[1.153s] Level 1:colcon.colcon_core.package_discovery:discover_packages(recursive) check parameters
[1.153s] Level 1:colcon.colcon_core.package_discovery:discover_packages(ignore) check parameters
[1.154s] Level 1:colcon.colcon_core.package_discovery:discover_packages(path) check parameters
[1.154s] Level 1:colcon.colcon_core.package_discovery:discover_packages(colcon_meta) discover
[1.155s] Level 1:colcon.colcon_core.package_discovery:discover_packages(recursive) discover
[1.157s] INFO:colcon.colcon_core.package_discovery:Crawling recursively for packages in '/home/aysenur/planning_ws/path_planning_ws'
[1.159s] Level 1:colcon.colcon_core.package_identification:_identify(.) by extensions ['ignore', 'ignore_ament_install']
[1.160s] Level 1:colcon.colcon_core.package_identification:_identify(.) by extension 'ignore'
[1.160s] Level 1:colcon.colcon_core.package_identification:_identify(.) by extension 'ignore_ament_install'
[1.160s] Level 1:colcon.colcon_core.package_identification:_identify(.) by extensions ['colcon_pkg']
[1.160s] Level 1:colcon.colcon_core.package_identification:_identify(.) by extension 'colcon_pkg'
[1.161s] Level 1:colcon.colcon_core.package_identification:_identify(.) by extensions ['colcon_meta']
[1.161s] Level 1:colcon.colcon_core.package_identification:_identify(.) by extension 'colcon_meta'
[1.161s] Level 1:colcon.colcon_core.package_identification:_identify(.) by extensions ['ros']
[1.161s] Level 1:colcon.colcon_core.package_identification:_identify(.) by extension 'ros'
[1.259s] Level 1:colcon.colcon_core.package_identification:_identify(.) by extensions ['cmake', 'python']
[1.260s] Level 1:colcon.colcon_core.package_identification:_identify(.) by extension 'cmake'
[1.260s] Level 1:colcon.colcon_core.package_identification:_identify(.) by extension 'python'
[1.260s] Level 1:colcon.colcon_core.package_identification:_identify(.) by extensions ['python_setup_py']
[1.260s] Level 1:colcon.colcon_core.package_identification:_identify(.) by extension 'python_setup_py'
[1.261s] Level 1:colcon.colcon_core.package_identification:_identify(build) by extensions ['ignore', 'ignore_ament_install']
[1.261s] Level 1:colcon.colcon_core.package_identification:_identify(build) by extension 'ignore'
[1.261s] Level 1:colcon.colcon_core.package_identification:_identify(build) ignored
[1.261s] Level 1:colcon.colcon_core.package_identification:_identify(install) by extensions ['ignore', 'ignore_ament_install']
[1.261s] Level 1:colcon.colcon_core.package_identification:_identify(install) by extension 'ignore'
[1.262s] Level 1:colcon.colcon_core.package_identification:_identify(install) ignored
[1.262s] Level 1:colcon.colcon_core.package_identification:_identify(log) by extensions ['ignore', 'ignore_ament_install']
[1.262s] Level 1:colcon.colcon_core.package_identification:_identify(log) by extension 'ignore'
[1.262s] Level 1:colcon.colcon_core.package_identification:_identify(log) ignored
[1.262s] Level 1:colcon.colcon_core.package_identification:_identify(src) by extensions ['ignore', 'ignore_ament_install']
[1.262s] Level 1:colcon.colcon_core.package_identification:_identify(src) by extension 'ignore'
[1.262s] Level 1:colcon.colcon_core.package_identification:_identify(src) by extension 'ignore_ament_install'
[1.262s] Level 1:colcon.colcon_core.package_identification:_identify(src) by extensions ['colcon_pkg']
[1.262s] Level 1:colcon.colcon_core.package_identification:_identify(src) by extension 'colcon_pkg'
[1.262s] Level 1:colcon.colcon_core.package_identification:_identify(src) by extensions ['colcon_meta']
[1.262s] Level 1:colcon.colcon_core.package_identification:_identify(src) by extension 'colcon_meta'
[1.262s] Level 1:colcon.colcon_core.package_identification:_identify(src) by extensions ['ros']
[1.262s] Level 1:colcon.colcon_core.package_identification:_identify(src) by extension 'ros'
[1.262s] Level 1:colcon.colcon_core.package_identification:_identify(src) by extensions ['cmake', 'python']
[1.262s] Level 1:colcon.colcon_core.package_identification:_identify(src) by extension 'cmake'
[1.263s] Level 1:colcon.colcon_core.package_identification:_identify(src) by extension 'python'
[1.263s] Level 1:colcon.colcon_core.package_identification:_identify(src) by extensions ['python_setup_py']
[1.263s] Level 1:colcon.colcon_core.package_identification:_identify(src) by extension 'python_setup_py'
[1.263s] Level 1:colcon.colcon_core.package_identification:_identify(src/maze_bot) by extensions ['ignore', 'ignore_ament_install']
[1.263s] Level 1:colcon.colcon_core.package_identification:_identify(src/maze_bot) by extension 'ignore'
[1.263s] Level 1:colcon.colcon_core.package_identification:_identify(src/maze_bot) by extension 'ignore_ament_install'
[1.263s] Level 1:colcon.colcon_core.package_identification:_identify(src/maze_bot) by extensions ['colcon_pkg']
[1.263s] Level 1:colcon.colcon_core.package_identification:_identify(src/maze_bot) by extension 'colcon_pkg'
[1.263s] Level 1:colcon.colcon_core.package_identification:_identify(src/maze_bot) by extensions ['colcon_meta']
[1.263s] Level 1:colcon.colcon_core.package_identification:_identify(src/maze_bot) by extension 'colcon_meta'
[1.263s] Level 1:colcon.colcon_core.package_identification:_identify(src/maze_bot) by extensions ['ros']
[1.263s] Level 1:colcon.colcon_core.package_identification:_identify(src/maze_bot) by extension 'ros'
[1.280s] DEBUG:colcon.colcon_core.package_identification:Package 'src/maze_bot' with type 'ros.ament_python' and name 'maze_bot'
[1.281s] Level 1:colcon.colcon_core.package_discovery:discover_packages(recursive) using defaults
[1.281s] Level 1:colcon.colcon_core.package_discovery:discover_packages(ignore) discover
[1.281s] Level 1:colcon.colcon_core.package_discovery:discover_packages(ignore) using defaults
[1.281s] Level 1:colcon.colcon_core.package_discovery:discover_packages(path) discover
[1.281s] Level 1:colcon.colcon_core.package_discovery:discover_packages(path) using defaults
[1.360s] Level 1:colcon.colcon_core.package_discovery:discover_packages(prefix_path) check parameters
[1.360s] Level 1:colcon.colcon_core.package_discovery:discover_packages(prefix_path) discover
[1.367s] DEBUG:colcon.colcon_installed_package_information.package_discovery:Found 273 installed packages in /opt/ros/foxy
[1.379s] Level 1:colcon.colcon_core.package_discovery:discover_packages(prefix_path) using defaults
[1.568s] Level 5:colcon.colcon_core.verb:set package 'maze_bot' build argument 'cmake_args' from command line to 'None'
[1.568s] Level 5:colcon.colcon_core.verb:set package 'maze_bot' build argument 'cmake_target' from command line to 'None'
[1.568s] Level 5:colcon.colcon_core.verb:set package 'maze_bot' build argument 'cmake_target_skip_unavailable' from command line to 'False'
[1.568s] Level 5:colcon.colcon_core.verb:set package 'maze_bot' build argument 'cmake_clean_cache' from command line to 'False'
[1.568s] Level 5:colcon.colcon_core.verb:set package 'maze_bot' build argument 'cmake_clean_first' from command line to 'False'
[1.568s] Level 5:colcon.colcon_core.verb:set package 'maze_bot' build argument 'cmake_force_configure' from command line to 'False'
[1.568s] Level 5:colcon.colcon_core.verb:set package 'maze_bot' build argument 'ament_cmake_args' from command line to 'None'
[1.568s] Level 5:colcon.colcon_core.verb:set package 'maze_bot' build argument 'catkin_cmake_args' from command line to 'None'
[1.568s] Level 5:colcon.colcon_core.verb:set package 'maze_bot' build argument 'catkin_skip_building_tests' from command line to 'False'
[1.568s] DEBUG:colcon.colcon_core.verb:Building package 'maze_bot' with the following arguments: {'ament_cmake_args': None, 'build_base': '/home/aysenur/planning_ws/path_planning_ws/build/maze_bot', 'catkin_cmake_args': None, 'catkin_skip_building_tests': False, 'cmake_args': None, 'cmake_clean_cache': False, 'cmake_clean_first': False, 'cmake_force_configure': False, 'cmake_target': None, 'cmake_target_skip_unavailable': False, 'install_base': '/home/aysenur/planning_ws/path_planning_ws/install/maze_bot', 'merge_install': False, 'path': '/home/aysenur/planning_ws/path_planning_ws/src/maze_bot', 'symlink_install': False, 'test_result_base': None}
[1.569s] INFO:colcon.colcon_core.executor:Executing jobs using 'parallel' executor
[1.583s] DEBUG:colcon.colcon_parallel_executor.executor.parallel:run_until_complete
[1.593s] INFO:colcon.colcon_ros.task.ament_python.build:Building ROS package in '/home/aysenur/planning_ws/path_planning_ws/src/maze_bot' with build type 'ament_python'
[1.595s] Level 1:colcon.colcon_core.shell:create_environment_hook('maze_bot', 'ament_prefix_path')
[1.611s] INFO:colcon.colcon_core.plugin_system:Skipping extension 'colcon_core.shell.bat': Not used on non-Windows systems
[1.612s] INFO:colcon.colcon_core.shell:Creating environment hook '/home/aysenur/planning_ws/path_planning_ws/install/maze_bot/share/maze_bot/hook/ament_prefix_path.ps1'
[1.613s] INFO:colcon.colcon_core.shell:Creating environment descriptor '/home/aysenur/planning_ws/path_planning_ws/install/maze_bot/share/maze_bot/hook/ament_prefix_path.dsv'
[1.614s] INFO:colcon.colcon_core.shell:Creating environment hook '/home/aysenur/planning_ws/path_planning_ws/install/maze_bot/share/maze_bot/hook/ament_prefix_path.sh'
[1.616s] INFO:colcon.colcon_core.shell:Skip shell extension 'powershell' for command environment: Not usable outside of PowerShell
[1.616s] DEBUG:colcon.colcon_core.shell:Skip shell extension 'dsv' for command environment
[2.515s] INFO:colcon.colcon_core.task.python.build:Building Python package in '/home/aysenur/planning_ws/path_planning_ws/src/maze_bot'
[2.517s] INFO:colcon.colcon_core.shell:Skip shell extension 'powershell' for command environment: Not usable outside of PowerShell
[2.518s] DEBUG:colcon.colcon_core.shell:Skip shell extension 'dsv' for command environment
[4.129s] DEBUG:colcon.colcon_core.event_handler.log_command:Invoking command in '/home/aysenur/planning_ws/path_planning_ws/src/maze_bot': PYTHONPATH=/home/aysenur/planning_ws/path_planning_ws/build/maze_bot/prefix_override:/home/aysenur/planning_ws/path_planning_ws/install/maze_bot/lib/python3.8/site-packages:${PYTHONPATH} /usr/bin/python3 setup.py egg_info --egg-base ../../build/maze_bot build --build-base /home/aysenur/planning_ws/path_planning_ws/build/maze_bot/build install --record /home/aysenur/planning_ws/path_planning_ws/build/maze_bot/install.log --single-version-externally-managed
[5.470s] DEBUG:colcon.colcon_core.event_handler.log_command:Invoked command in '/home/aysenur/planning_ws/path_planning_ws/src/maze_bot' returned '0': PYTHONPATH=/home/aysenur/planning_ws/path_planning_ws/build/maze_bot/prefix_override:/home/aysenur/planning_ws/path_planning_ws/install/maze_bot/lib/python3.8/site-packages:${PYTHONPATH} /usr/bin/python3 setup.py egg_info --egg-base ../../build/maze_bot build --build-base /home/aysenur/planning_ws/path_planning_ws/build/maze_bot/build install --record /home/aysenur/planning_ws/path_planning_ws/build/maze_bot/install.log --single-version-externally-managed
[5.487s] Level 1:colcon.colcon_core.environment:checking '/home/aysenur/planning_ws/path_planning_ws/install/maze_bot' for CMake module files
[5.488s] Level 1:colcon.colcon_core.environment:checking '/home/aysenur/planning_ws/path_planning_ws/install/maze_bot' for CMake config files
[5.496s] Level 1:colcon.colcon_core.environment:checking '/home/aysenur/planning_ws/path_planning_ws/install/maze_bot/lib'
[5.496s] Level 1:colcon.colcon_core.environment:checking '/home/aysenur/planning_ws/path_planning_ws/install/maze_bot/bin'
[5.497s] Level 1:colcon.colcon_core.environment:checking '/home/aysenur/planning_ws/path_planning_ws/install/maze_bot/lib/pkgconfig/maze_bot.pc'
[5.497s] Level 1:colcon.colcon_core.environment:checking '/home/aysenur/planning_ws/path_planning_ws/install/maze_bot/lib/python3.8/site-packages'
[5.497s] Level 1:colcon.colcon_core.shell:create_environment_hook('maze_bot', 'pythonpath')
[5.500s] INFO:colcon.colcon_core.shell:Creating environment hook '/home/aysenur/planning_ws/path_planning_ws/install/maze_bot/share/maze_bot/hook/pythonpath.ps1'
[5.502s] INFO:colcon.colcon_core.shell:Creating environment descriptor '/home/aysenur/planning_ws/path_planning_ws/install/maze_bot/share/maze_bot/hook/pythonpath.dsv'
[5.503s] INFO:colcon.colcon_core.shell:Creating environment hook '/home/aysenur/planning_ws/path_planning_ws/install/maze_bot/share/maze_bot/hook/pythonpath.sh'
[5.504s] Level 1:colcon.colcon_core.environment:checking '/home/aysenur/planning_ws/path_planning_ws/install/maze_bot/bin'
[5.504s] Level 1:colcon.colcon_core.environment:create_environment_scripts_only(maze_bot)
[5.522s] INFO:colcon.colcon_core.shell:Creating package script '/home/aysenur/planning_ws/path_planning_ws/install/maze_bot/share/maze_bot/package.ps1'
[5.527s] INFO:colcon.colcon_core.shell:Creating package descriptor '/home/aysenur/planning_ws/path_planning_ws/install/maze_bot/share/maze_bot/package.dsv'
[5.532s] INFO:colcon.colcon_core.shell:Creating package script '/home/aysenur/planning_ws/path_planning_ws/install/maze_bot/share/maze_bot/package.sh'
[5.534s] INFO:colcon.colcon_core.shell:Creating package script '/home/aysenur/planning_ws/path_planning_ws/install/maze_bot/share/maze_bot/package.bash'
[5.535s] INFO:colcon.colcon_core.shell:Creating package script '/home/aysenur/planning_ws/path_planning_ws/install/maze_bot/share/maze_bot/package.zsh'
[5.538s] Level 1:colcon.colcon_core.environment:create_file_with_runtime_dependencies(/home/aysenur/planning_ws/path_planning_ws/install/maze_bot/share/colcon-core/packages/maze_bot)
[5.540s] DEBUG:colcon.colcon_parallel_executor.executor.parallel:closing loop
[5.540s] DEBUG:colcon.colcon_parallel_executor.executor.parallel:loop closed
[5.540s] DEBUG:colcon.colcon_parallel_executor.executor.parallel:run_until_complete finished with '0'
[5.541s] DEBUG:colcon.colcon_core.event_reactor:joining thread
[5.575s] INFO:colcon.colcon_core.plugin_system:Skipping extension 'colcon_notification.desktop_notification.terminal_notifier': Not used on non-Darwin systems
[5.576s] INFO:colcon.colcon_core.plugin_system:Skipping extension 'colcon_notification.desktop_notification.win32': Not used on non-Windows systems
[5.576s] INFO:colcon.colcon_notification.desktop_notification:Sending desktop notification using 'notify2'
[5.654s] DEBUG:colcon.colcon_core.event_reactor:joined thread
[5.660s] INFO:colcon.colcon_core.shell:Creating prefix script '/home/aysenur/planning_ws/path_planning_ws/install/local_setup.ps1'
[5.661s] INFO:colcon.colcon_core.shell:Creating prefix util module '/home/aysenur/planning_ws/path_planning_ws/install/_local_setup_util_ps1.py'
[5.664s] INFO:colcon.colcon_core.shell:Creating prefix chain script '/home/aysenur/planning_ws/path_planning_ws/install/setup.ps1'
[5.675s] INFO:colcon.colcon_core.shell:Creating prefix script '/home/aysenur/planning_ws/path_planning_ws/install/local_setup.sh'
[5.682s] INFO:colcon.colcon_core.shell:Creating prefix util module '/home/aysenur/planning_ws/path_planning_ws/install/_local_setup_util_sh.py'
[5.688s] INFO:colcon.colcon_core.shell:Creating prefix chain script '/home/aysenur/planning_ws/path_planning_ws/install/setup.sh'
[5.693s] INFO:colcon.colcon_core.shell:Creating prefix script '/home/aysenur/planning_ws/path_planning_ws/install/local_setup.bash'
[5.694s] INFO:colcon.colcon_core.shell:Creating prefix chain script '/home/aysenur/planning_ws/path_planning_ws/install/setup.bash'
[5.704s] INFO:colcon.colcon_core.shell:Creating prefix script '/home/aysenur/planning_ws/path_planning_ws/install/local_setup.zsh'
[5.706s] INFO:colcon.colcon_core.shell:Creating prefix chain script '/home/aysenur/planning_ws/path_planning_ws/install/setup.zsh'
