[0.384s] Invoking command in '/home/aysenur/planning_ws/path_planning_ws/src/maze_bot': PYTHONPATH=/home/aysenur/planning_ws/path_planning_ws/build/maze_bot/prefix_override:/home/aysenur/planning_ws/path_planning_ws/install/maze_bot/lib/python3.8/site-packages:${PYTHONPATH} /usr/bin/python3 setup.py egg_info --egg-base ../../build/maze_bot build --build-base /home/aysenur/planning_ws/path_planning_ws/build/maze_bot/build install --record /home/aysenur/planning_ws/path_planning_ws/build/maze_bot/install.log --single-version-externally-managed
[0.510s] running egg_info
[0.511s] creating ../../build/maze_bot/maze_bot.egg-info
[0.511s] writing ../../build/maze_bot/maze_bot.egg-info/PKG-INFO
[0.511s] writing dependency_links to ../../build/maze_bot/maze_bot.egg-info/dependency_links.txt
[0.511s] writing entry points to ../../build/maze_bot/maze_bot.egg-info/entry_points.txt
[0.511s] writing requirements to ../../build/maze_bot/maze_bot.egg-info/requires.txt
[0.511s] writing top-level names to ../../build/maze_bot/maze_bot.egg-info/top_level.txt
[0.512s] writing manifest file '../../build/maze_bot/maze_bot.egg-info/SOURCES.txt'
[0.533s] reading manifest file '../../build/maze_bot/maze_bot.egg-info/SOURCES.txt'
[0.533s] writing manifest file '../../build/maze_bot/maze_bot.egg-info/SOURCES.txt'
[0.533s] running build
[0.533s] running build_py
[0.533s] creating /home/aysenur/planning_ws/path_planning_ws/build/maze_bot/build
[0.533s] creating /home/aysenur/planning_ws/path_planning_ws/build/maze_bot/build/lib
[0.533s] creating /home/aysenur/planning_ws/path_planning_ws/build/maze_bot/build/lib/maze_bot
[0.533s] copying maze_bot/utilities.py -> /home/aysenur/planning_ws/path_planning_ws/build/maze_bot/build/lib/maze_bot
[0.533s] copying maze_bot/maze_solver.py -> /home/aysenur/planning_ws/path_planning_ws/build/maze_bot/build/lib/maze_bot
[0.534s] copying maze_bot/bot_pathplanning.py -> /home/aysenur/planning_ws/path_planning_ws/build/maze_bot/build/lib/maze_bot
[0.534s] copying maze_bot/bot_localization.py -> /home/aysenur/planning_ws/path_planning_ws/build/maze_bot/build/lib/maze_bot
[0.534s] copying maze_bot/__init__.py -> /home/aysenur/planning_ws/path_planning_ws/build/maze_bot/build/lib/maze_bot
[0.534s] copying maze_bot/test_mapping.py -> /home/aysenur/planning_ws/path_planning_ws/build/maze_bot/build/lib/maze_bot
[0.534s] copying maze_bot/bot_mapping.py -> /home/aysenur/planning_ws/path_planning_ws/build/maze_bot/build/lib/maze_bot
[0.534s] copying maze_bot/config.py -> /home/aysenur/planning_ws/path_planning_ws/build/maze_bot/build/lib/maze_bot
[0.534s] copying maze_bot/bot_motionplanning.py -> /home/aysenur/planning_ws/path_planning_ws/build/maze_bot/build/lib/maze_bot
[0.534s] running install
[0.534s] running install_lib
[0.535s] creating /home/aysenur/planning_ws/path_planning_ws/install/maze_bot/lib/python3.8/site-packages/maze_bot
[0.535s] copying /home/aysenur/planning_ws/path_planning_ws/build/maze_bot/build/lib/maze_bot/utilities.py -> /home/aysenur/planning_ws/path_planning_ws/install/maze_bot/lib/python3.8/site-packages/maze_bot
[0.535s] copying /home/aysenur/planning_ws/path_planning_ws/build/maze_bot/build/lib/maze_bot/maze_solver.py -> /home/aysenur/planning_ws/path_planning_ws/install/maze_bot/lib/python3.8/site-packages/maze_bot
[0.535s] copying /home/aysenur/planning_ws/path_planning_ws/build/maze_bot/build/lib/maze_bot/bot_pathplanning.py -> /home/aysenur/planning_ws/path_planning_ws/install/maze_bot/lib/python3.8/site-packages/maze_bot
[0.535s] copying /home/aysenur/planning_ws/path_planning_ws/build/maze_bot/build/lib/maze_bot/bot_localization.py -> /home/aysenur/planning_ws/path_planning_ws/install/maze_bot/lib/python3.8/site-packages/maze_bot
[0.535s] copying /home/aysenur/planning_ws/path_planning_ws/build/maze_bot/build/lib/maze_bot/__init__.py -> /home/aysenur/planning_ws/path_planning_ws/install/maze_bot/lib/python3.8/site-packages/maze_bot
[0.535s] copying /home/aysenur/planning_ws/path_planning_ws/build/maze_bot/build/lib/maze_bot/test_mapping.py -> /home/aysenur/planning_ws/path_planning_ws/install/maze_bot/lib/python3.8/site-packages/maze_bot
[0.535s] copying /home/aysenur/planning_ws/path_planning_ws/build/maze_bot/build/lib/maze_bot/bot_mapping.py -> /home/aysenur/planning_ws/path_planning_ws/install/maze_bot/lib/python3.8/site-packages/maze_bot
[0.536s] copying /home/aysenur/planning_ws/path_planning_ws/build/maze_bot/build/lib/maze_bot/config.py -> /home/aysenur/planning_ws/path_planning_ws/install/maze_bot/lib/python3.8/site-packages/maze_bot
[0.536s] copying /home/aysenur/planning_ws/path_planning_ws/build/maze_bot/build/lib/maze_bot/bot_motionplanning.py -> /home/aysenur/planning_ws/path_planning_ws/install/maze_bot/lib/python3.8/site-packages/maze_bot
[0.536s] byte-compiling /home/aysenur/planning_ws/path_planning_ws/install/maze_bot/lib/python3.8/site-packages/maze_bot/utilities.py to utilities.cpython-38.pyc
[0.537s] byte-compiling /home/aysenur/planning_ws/path_planning_ws/install/maze_bot/lib/python3.8/site-packages/maze_bot/maze_solver.py to maze_solver.cpython-38.pyc
[0.538s] byte-compiling /home/aysenur/planning_ws/path_planning_ws/install/maze_bot/lib/python3.8/site-packages/maze_bot/bot_pathplanning.py to bot_pathplanning.cpython-38.pyc
[0.540s] byte-compiling /home/aysenur/planning_ws/path_planning_ws/install/maze_bot/lib/python3.8/site-packages/maze_bot/bot_localization.py to bot_localization.cpython-38.pyc
[0.540s] byte-compiling /home/aysenur/planning_ws/path_planning_ws/install/maze_bot/lib/python3.8/site-packages/maze_bot/__init__.py to __init__.cpython-38.pyc
[0.541s] byte-compiling /home/aysenur/planning_ws/path_planning_ws/install/maze_bot/lib/python3.8/site-packages/maze_bot/test_mapping.py to test_mapping.cpython-38.pyc
[0.541s] byte-compiling /home/aysenur/planning_ws/path_planning_ws/install/maze_bot/lib/python3.8/site-packages/maze_bot/bot_mapping.py to bot_mapping.cpython-38.pyc
[0.542s] byte-compiling /home/aysenur/planning_ws/path_planning_ws/install/maze_bot/lib/python3.8/site-packages/maze_bot/config.py to config.cpython-38.pyc
[0.542s] byte-compiling /home/aysenur/planning_ws/path_planning_ws/install/maze_bot/lib/python3.8/site-packages/maze_bot/bot_motionplanning.py to bot_motionplanning.cpython-38.pyc
[0.544s] running install_data
[0.544s] creating /home/aysenur/planning_ws/path_planning_ws/install/maze_bot/share/ament_index
[0.544s] creating /home/aysenur/planning_ws/path_planning_ws/install/maze_bot/share/ament_index/resource_index
[0.544s] creating /home/aysenur/planning_ws/path_planning_ws/install/maze_bot/share/ament_index/resource_index/packages
[0.544s] copying resource/maze_bot -> /home/aysenur/planning_ws/path_planning_ws/install/maze_bot/share/ament_index/resource_index/packages
[0.544s] copying package.xml -> /home/aysenur/planning_ws/path_planning_ws/install/maze_bot/share/maze_bot
[0.544s] creating /home/aysenur/planning_ws/path_planning_ws/install/maze_bot/share/maze_bot/launch
[0.544s] copying launch/maze_2_robot_camera.launch.py -> /home/aysenur/planning_ws/path_planning_ws/install/maze_bot/share/maze_bot/launch
[0.544s] copying launch/gazebo.launch.py -> /home/aysenur/planning_ws/path_planning_ws/install/maze_bot/share/maze_bot/launch
[0.544s] copying launch/rviz.launch.py -> /home/aysenur/planning_ws/path_planning_ws/install/maze_bot/share/maze_bot/launch
[0.544s] copying launch/maze_1_robot_camera.launch.py -> /home/aysenur/planning_ws/path_planning_ws/install/maze_bot/share/maze_bot/launch
[0.544s] creating /home/aysenur/planning_ws/path_planning_ws/install/maze_bot/share/maze_bot/urdf
[0.545s] copying urdf/maze_bot.urdf -> /home/aysenur/planning_ws/path_planning_ws/install/maze_bot/share/maze_bot/urdf
[0.545s] creating /home/aysenur/planning_ws/path_planning_ws/install/maze_bot/share/maze_bot/meshes
[0.545s] copying meshes/wheel_l.stl -> /home/aysenur/planning_ws/path_planning_ws/install/maze_bot/share/maze_bot/meshes
[0.545s] copying meshes/front_caster.stl -> /home/aysenur/planning_ws/path_planning_ws/install/maze_bot/share/maze_bot/meshes
[0.545s] copying meshes/wheel_r.stl -> /home/aysenur/planning_ws/path_planning_ws/install/maze_bot/share/maze_bot/meshes
[0.545s] copying meshes/base_link.stl -> /home/aysenur/planning_ws/path_planning_ws/install/maze_bot/share/maze_bot/meshes
[0.545s] creating /home/aysenur/planning_ws/path_planning_ws/install/maze_bot/share/maze_bot/worlds
[0.545s] copying worlds/maze_2.world -> /home/aysenur/planning_ws/path_planning_ws/install/maze_bot/share/maze_bot/worlds
[0.545s] copying worlds/maze_1.world -> /home/aysenur/planning_ws/path_planning_ws/install/maze_bot/share/maze_bot/worlds
[0.545s] running install_egg_info
[0.546s] Copying ../../build/maze_bot/maze_bot.egg-info to /home/aysenur/planning_ws/path_planning_ws/install/maze_bot/lib/python3.8/site-packages/maze_bot-0.0.0-py3.8.egg-info
[0.546s] running install_scripts
[0.557s] Installing driving_node script to /home/aysenur/planning_ws/path_planning_ws/install/maze_bot/lib/maze_bot
[0.557s] Installing go_to_goal script to /home/aysenur/planning_ws/path_planning_ws/install/maze_bot/lib/maze_bot
[0.557s] Installing maze_solver script to /home/aysenur/planning_ws/path_planning_ws/install/maze_bot/lib/maze_bot
[0.557s] Installing video_recorder script to /home/aysenur/planning_ws/path_planning_ws/install/maze_bot/lib/maze_bot
[0.557s] writing list of installed files to '/home/aysenur/planning_ws/path_planning_ws/build/maze_bot/install.log'
[0.570s] Invoked command in '/home/aysenur/planning_ws/path_planning_ws/src/maze_bot' returned '0': PYTHONPATH=/home/aysenur/planning_ws/path_planning_ws/build/maze_bot/prefix_override:/home/aysenur/planning_ws/path_planning_ws/install/maze_bot/lib/python3.8/site-packages:${PYTHONPATH} /usr/bin/python3 setup.py egg_info --egg-base ../../build/maze_bot build --build-base /home/aysenur/planning_ws/path_planning_ws/build/maze_bot/build install --record /home/aysenur/planning_ws/path_planning_ws/build/maze_bot/install.log --single-version-externally-managed
