[2.673s] Invoking command in '/home/aysenur/planning_ws/path_planning_ws/src/maze_bot': PYTHONPATH=/home/aysenur/planning_ws/path_planning_ws/build/maze_bot/prefix_override:/home/aysenur/planning_ws/path_planning_ws/install/maze_bot/lib/python3.8/site-packages:${PYTHONPATH} /usr/bin/python3 setup.py egg_info --egg-base ../../build/maze_bot build --build-base /home/aysenur/planning_ws/path_planning_ws/build/maze_bot/build install --record /home/aysenur/planning_ws/path_planning_ws/build/maze_bot/install.log --single-version-externally-managed
[3.528s] running egg_info
[3.535s] writing ../../build/maze_bot/maze_bot.egg-info/PKG-INFO
[3.537s] writing dependency_links to ../../build/maze_bot/maze_bot.egg-info/dependency_links.txt
[3.537s] writing entry points to ../../build/maze_bot/maze_bot.egg-info/entry_points.txt
[3.538s] writing requirements to ../../build/maze_bot/maze_bot.egg-info/requires.txt
[3.538s] writing top-level names to ../../build/maze_bot/maze_bot.egg-info/top_level.txt
[3.644s] reading manifest file '../../build/maze_bot/maze_bot.egg-info/SOURCES.txt'
[3.650s] writing manifest file '../../build/maze_bot/maze_bot.egg-info/SOURCES.txt'
[3.650s] running build
[3.651s] running build_py
[3.653s] running install
[3.657s] running install_lib
[3.664s] running install_data
[3.665s] running install_egg_info
[3.673s] removing '/home/aysenur/planning_ws/path_planning_ws/install/maze_bot/lib/python3.8/site-packages/maze_bot-0.0.0-py3.8.egg-info' (and everything under it)
[3.673s] Copying ../../build/maze_bot/maze_bot.egg-info to /home/aysenur/planning_ws/path_planning_ws/install/maze_bot/lib/python3.8/site-packages/maze_bot-0.0.0-py3.8.egg-info
[3.675s] running install_scripts
[3.749s] Installing driving_node script to /home/aysenur/planning_ws/path_planning_ws/install/maze_bot/lib/maze_bot
[3.749s] Installing go_to_goal script to /home/aysenur/planning_ws/path_planning_ws/install/maze_bot/lib/maze_bot
[3.749s] Installing maze_solver script to /home/aysenur/planning_ws/path_planning_ws/install/maze_bot/lib/maze_bot
[3.749s] Installing video_recorder script to /home/aysenur/planning_ws/path_planning_ws/install/maze_bot/lib/maze_bot
[3.750s] writing list of installed files to '/home/aysenur/planning_ws/path_planning_ws/build/maze_bot/install.log'
[3.907s] Invoked command in '/home/aysenur/planning_ws/path_planning_ws/src/maze_bot' returned '0': PYTHONPATH=/home/aysenur/planning_ws/path_planning_ws/build/maze_bot/prefix_override:/home/aysenur/planning_ws/path_planning_ws/install/maze_bot/lib/python3.8/site-packages:${PYTHONPATH} /usr/bin/python3 setup.py egg_info --egg-base ../../build/maze_bot build --build-base /home/aysenur/planning_ws/path_planning_ws/build/maze_bot/build install --record /home/aysenur/planning_ws/path_planning_ws/build/maze_bot/install.log --single-version-externally-managed
