[0.387s] Invoking command in '/home/aysenur/planning_ws/path_planning_ws/src/maze_bot': PYTHONPATH=/home/aysenur/planning_ws/path_planning_ws/build/maze_bot/prefix_override:/home/aysenur/planning_ws/path_planning_ws/install/maze_bot/lib/python3.8/site-packages:${PYTHONPATH} /usr/bin/python3 setup.py egg_info --egg-base ../../build/maze_bot build --build-base /home/aysenur/planning_ws/path_planning_ws/build/maze_bot/build install --record /home/aysenur/planning_ws/path_planning_ws/build/maze_bot/install.log --single-version-externally-managed
[0.516s] running egg_info
[0.517s] writing ../../build/maze_bot/maze_bot.egg-info/PKG-INFO
[0.517s] writing dependency_links to ../../build/maze_bot/maze_bot.egg-info/dependency_links.txt
[0.517s] writing entry points to ../../build/maze_bot/maze_bot.egg-info/entry_points.txt
[0.517s] writing requirements to ../../build/maze_bot/maze_bot.egg-info/requires.txt
[0.517s] writing top-level names to ../../build/maze_bot/maze_bot.egg-info/top_level.txt
[0.539s] reading manifest file '../../build/maze_bot/maze_bot.egg-info/SOURCES.txt'
[0.539s] writing manifest file '../../build/maze_bot/maze_bot.egg-info/SOURCES.txt'
[0.540s] running build
[0.540s] running build_py
[0.540s] running install
[0.540s] running install_lib
[0.541s] running install_data
[0.542s] copying launch/maze_1_robot_camera.launch.py -> /home/aysenur/planning_ws/path_planning_ws/install/maze_bot/share/maze_bot/launch
[0.542s] running install_egg_info
[0.543s] removing '/home/aysenur/planning_ws/path_planning_ws/install/maze_bot/lib/python3.8/site-packages/maze_bot-0.0.0-py3.8.egg-info' (and everything under it)
[0.543s] Copying ../../build/maze_bot/maze_bot.egg-info to /home/aysenur/planning_ws/path_planning_ws/install/maze_bot/lib/python3.8/site-packages/maze_bot-0.0.0-py3.8.egg-info
[0.543s] running install_scripts
[0.554s] Installing driving_node script to /home/aysenur/planning_ws/path_planning_ws/install/maze_bot/lib/maze_bot
[0.554s] Installing go_to_goal script to /home/aysenur/planning_ws/path_planning_ws/install/maze_bot/lib/maze_bot
[0.554s] Installing maze_solver script to /home/aysenur/planning_ws/path_planning_ws/install/maze_bot/lib/maze_bot
[0.554s] Installing video_recorder script to /home/aysenur/planning_ws/path_planning_ws/install/maze_bot/lib/maze_bot
[0.554s] writing list of installed files to '/home/aysenur/planning_ws/path_planning_ws/build/maze_bot/install.log'
[0.568s] Invoked command in '/home/aysenur/planning_ws/path_planning_ws/src/maze_bot' returned '0': PYTHONPATH=/home/aysenur/planning_ws/path_planning_ws/build/maze_bot/prefix_override:/home/aysenur/planning_ws/path_planning_ws/install/maze_bot/lib/python3.8/site-packages:${PYTHONPATH} /usr/bin/python3 setup.py egg_info --egg-base ../../build/maze_bot build --build-base /home/aysenur/planning_ws/path_planning_ws/build/maze_bot/build install --record /home/aysenur/planning_ws/path_planning_ws/build/maze_bot/install.log --single-version-externally-managed
