[1.465s] DEBUG:colcon:Command line arguments: ['/usr/bin/colcon', 'build']
[1.465s] DEBUG:colcon:Parsed command line arguments: Namespace(allow_overriding=[], ament_cmake_args=None, base_paths=['.'], build_base='build', catkin_cmake_args=None, catkin_skip_building_tests=False, cmake_args=None, cmake_clean_cache=False, cmake_clean_first=False, cmake_force_configure=False, cmake_target=None, cmake_target_skip_unavailable=False, continue_on_error=False, event_handlers=None, executor='parallel', ignore_user_meta=False, install_base='install', log_base=None, log_level=None, main=<bound method BuildVerb.main of <colcon_core.verb.build.BuildVerb object at 0x7f2d04fbc160>>, merge_install=False, metas=['./colcon.meta'], packages_above=None, packages_above_and_dependencies=None, packages_above_depth=None, packages_end=None, packages_ignore=None, packages_ignore_regex=None, packages_select=None, packages_select_build_failed=False, packages_select_by_dep=None, packages_select_regex=None, packages_select_test_failures=False, packages_skip=None, packages_skip_build_finished=False, packages_skip_by_dep=None, packages_skip_regex=None, packages_skip_test_passed=False, packages_skip_up_to=None, packages_start=None, packages_up_to=None, packages_up_to_regex=None, parallel_workers=12, paths=None, symlink_install=False, test_result_base=None, verb_extension=<colcon_core.verb.build.BuildVerb object at 0x7f2d04fbc160>, verb_name='build', verb_parser=<colcon_defaults.argument_parser.defaults.DefaultArgumentsDecorator object at 0x7f2d04fbc6a0>)
[1.606s] Level 1:colcon.colcon_core.package_discovery:discover_packages(colcon_meta) check parameters
[1.607s] Level 1:colcon.colcon_core.package_discovery:discover_packages(recursive) check parameters
[1.608s] Level 1:colcon.colcon_core.package_discovery:discover_packages(ignore) check parameters
[1.608s] Level 1:colcon.colcon_core.package_discovery:discover_packages(path) check parameters
[1.608s] Level 1:colcon.colcon_core.package_discovery:discover_packages(colcon_meta) discover
[1.609s] Level 1:colcon.colcon_core.package_discovery:discover_packages(recursive) discover
[1.611s] INFO:colcon.colcon_core.package_discovery:Crawling recursively for packages in '/home/aysenur/planning_ws/path_planning_ws'
[1.613s] Level 1:colcon.colcon_core.package_identification:_identify(.) by extensions ['ignore', 'ignore_ament_install']
[1.614s] Level 1:colcon.colcon_core.package_identification:_identify(.) by extension 'ignore'
[1.614s] Level 1:colcon.colcon_core.package_identification:_identify(.) by extension 'ignore_ament_install'
[1.615s] Level 1:colcon.colcon_core.package_identification:_identify(.) by extensions ['colcon_pkg']
[1.616s] Level 1:colcon.colcon_core.package_identification:_identify(.) by extension 'colcon_pkg'
[1.617s] Level 1:colcon.colcon_core.package_identification:_identify(.) by extensions ['colcon_meta']
[1.618s] Level 1:colcon.colcon_core.package_identification:_identify(.) by extension 'colcon_meta'
[1.619s] Level 1:colcon.colcon_core.package_identification:_identify(.) by extensions ['ros']
[1.620s] Level 1:colcon.colcon_core.package_identification:_identify(.) by extension 'ros'
[1.713s] Level 1:colcon.colcon_core.package_identification:_identify(.) by extensions ['cmake', 'python']
[1.715s] Level 1:colcon.colcon_core.package_identification:_identify(.) by extension 'cmake'
[1.716s] Level 1:colcon.colcon_core.package_identification:_identify(.) by extension 'python'
[1.717s] Level 1:colcon.colcon_core.package_identification:_identify(.) by extensions ['python_setup_py']
[1.717s] Level 1:colcon.colcon_core.package_identification:_identify(.) by extension 'python_setup_py'
[1.718s] Level 1:colcon.colcon_core.package_identification:_identify(build) by extensions ['ignore', 'ignore_ament_install']
[1.718s] Level 1:colcon.colcon_core.package_identification:_identify(build) by extension 'ignore'
[1.718s] Level 1:colcon.colcon_core.package_identification:_identify(build) ignored
[1.719s] Level 1:colcon.colcon_core.package_identification:_identify(install) by extensions ['ignore', 'ignore_ament_install']
[1.720s] Level 1:colcon.colcon_core.package_identification:_identify(install) by extension 'ignore'
[1.721s] Level 1:colcon.colcon_core.package_identification:_identify(install) ignored
[1.724s] Level 1:colcon.colcon_core.package_identification:_identify(log) by extensions ['ignore', 'ignore_ament_install']
[1.726s] Level 1:colcon.colcon_core.package_identification:_identify(log) by extension 'ignore'
[1.726s] Level 1:colcon.colcon_core.package_identification:_identify(log) ignored
[1.727s] Level 1:colcon.colcon_core.package_identification:_identify(src) by extensions ['ignore', 'ignore_ament_install']
[1.727s] Level 1:colcon.colcon_core.package_identification:_identify(src) by extension 'ignore'
[1.727s] Level 1:colcon.colcon_core.package_identification:_identify(src) by extension 'ignore_ament_install'
[1.728s] Level 1:colcon.colcon_core.package_identification:_identify(src) by extensions ['colcon_pkg']
[1.728s] Level 1:colcon.colcon_core.package_identification:_identify(src) by extension 'colcon_pkg'
[1.728s] Level 1:colcon.colcon_core.package_identification:_identify(src) by extensions ['colcon_meta']
[1.728s] Level 1:colcon.colcon_core.package_identification:_identify(src) by extension 'colcon_meta'
[1.728s] Level 1:colcon.colcon_core.package_identification:_identify(src) by extensions ['ros']
[1.728s] Level 1:colcon.colcon_core.package_identification:_identify(src) by extension 'ros'
[1.728s] Level 1:colcon.colcon_core.package_identification:_identify(src) by extensions ['cmake', 'python']
[1.728s] Level 1:colcon.colcon_core.package_identification:_identify(src) by extension 'cmake'
[1.728s] Level 1:colcon.colcon_core.package_identification:_identify(src) by extension 'python'
[1.728s] Level 1:colcon.colcon_core.package_identification:_identify(src) by extensions ['python_setup_py']
[1.728s] Level 1:colcon.colcon_core.package_identification:_identify(src) by extension 'python_setup_py'
[1.729s] Level 1:colcon.colcon_core.package_identification:_identify(src/maze_bot) by extensions ['ignore', 'ignore_ament_install']
[1.729s] Level 1:colcon.colcon_core.package_identification:_identify(src/maze_bot) by extension 'ignore'
[1.729s] Level 1:colcon.colcon_core.package_identification:_identify(src/maze_bot) by extension 'ignore_ament_install'
[1.729s] Level 1:colcon.colcon_core.package_identification:_identify(src/maze_bot) by extensions ['colcon_pkg']
[1.729s] Level 1:colcon.colcon_core.package_identification:_identify(src/maze_bot) by extension 'colcon_pkg'
[1.729s] Level 1:colcon.colcon_core.package_identification:_identify(src/maze_bot) by extensions ['colcon_meta']
[1.729s] Level 1:colcon.colcon_core.package_identification:_identify(src/maze_bot) by extension 'colcon_meta'
[1.729s] Level 1:colcon.colcon_core.package_identification:_identify(src/maze_bot) by extensions ['ros']
[1.729s] Level 1:colcon.colcon_core.package_identification:_identify(src/maze_bot) by extension 'ros'
[1.746s] DEBUG:colcon.colcon_core.package_identification:Package 'src/maze_bot' with type 'ros.ament_python' and name 'maze_bot'
[1.746s] Level 1:colcon.colcon_core.package_discovery:discover_packages(recursive) using defaults
[1.747s] Level 1:colcon.colcon_core.package_discovery:discover_packages(ignore) discover
[1.747s] Level 1:colcon.colcon_core.package_discovery:discover_packages(ignore) using defaults
[1.747s] Level 1:colcon.colcon_core.package_discovery:discover_packages(path) discover
[1.747s] Level 1:colcon.colcon_core.package_discovery:discover_packages(path) using defaults
[1.832s] Level 1:colcon.colcon_core.package_discovery:discover_packages(prefix_path) check parameters
[1.832s] Level 1:colcon.colcon_core.package_discovery:discover_packages(prefix_path) discover
[1.852s] DEBUG:colcon.colcon_installed_package_information.package_discovery:Found 273 installed packages in /opt/ros/foxy
[1.866s] Level 1:colcon.colcon_core.package_discovery:discover_packages(prefix_path) using defaults
[2.222s] Level 5:colcon.colcon_core.verb:set package 'maze_bot' build argument 'cmake_args' from command line to 'None'
[2.223s] Level 5:colcon.colcon_core.verb:set package 'maze_bot' build argument 'cmake_target' from command line to 'None'
[2.223s] Level 5:colcon.colcon_core.verb:set package 'maze_bot' build argument 'cmake_target_skip_unavailable' from command line to 'False'
[2.223s] Level 5:colcon.colcon_core.verb:set package 'maze_bot' build argument 'cmake_clean_cache' from command line to 'False'
[2.224s] Level 5:colcon.colcon_core.verb:set package 'maze_bot' build argument 'cmake_clean_first' from command line to 'False'
[2.224s] Level 5:colcon.colcon_core.verb:set package 'maze_bot' build argument 'cmake_force_configure' from command line to 'False'
[2.225s] Level 5:colcon.colcon_core.verb:set package 'maze_bot' build argument 'ament_cmake_args' from command line to 'None'
[2.225s] Level 5:colcon.colcon_core.verb:set package 'maze_bot' build argument 'catkin_cmake_args' from command line to 'None'
[2.226s] Level 5:colcon.colcon_core.verb:set package 'maze_bot' build argument 'catkin_skip_building_tests' from command line to 'False'
[2.227s] DEBUG:colcon.colcon_core.verb:Building package 'maze_bot' with the following arguments: {'ament_cmake_args': None, 'build_base': '/home/aysenur/planning_ws/path_planning_ws/build/maze_bot', 'catkin_cmake_args': None, 'catkin_skip_building_tests': False, 'cmake_args': None, 'cmake_clean_cache': False, 'cmake_clean_first': False, 'cmake_force_configure': False, 'cmake_target': None, 'cmake_target_skip_unavailable': False, 'install_base': '/home/aysenur/planning_ws/path_planning_ws/install/maze_bot', 'merge_install': False, 'path': '/home/aysenur/planning_ws/path_planning_ws/src/maze_bot', 'symlink_install': False, 'test_result_base': None}
[2.232s] INFO:colcon.colcon_core.executor:Executing jobs using 'parallel' executor
[2.244s] DEBUG:colcon.colcon_parallel_executor.executor.parallel:run_until_complete
[2.248s] INFO:colcon.colcon_ros.task.ament_python.build:Building ROS package in '/home/aysenur/planning_ws/path_planning_ws/src/maze_bot' with build type 'ament_python'
[2.250s] Level 1:colcon.colcon_core.shell:create_environment_hook('maze_bot', 'ament_prefix_path')
[2.275s] INFO:colcon.colcon_core.plugin_system:Skipping extension 'colcon_core.shell.bat': Not used on non-Windows systems
[2.278s] INFO:colcon.colcon_core.shell:Creating environment hook '/home/aysenur/planning_ws/path_planning_ws/install/maze_bot/share/maze_bot/hook/ament_prefix_path.ps1'
[2.281s] INFO:colcon.colcon_core.shell:Creating environment descriptor '/home/aysenur/planning_ws/path_planning_ws/install/maze_bot/share/maze_bot/hook/ament_prefix_path.dsv'
[2.283s] INFO:colcon.colcon_core.shell:Creating environment hook '/home/aysenur/planning_ws/path_planning_ws/install/maze_bot/share/maze_bot/hook/ament_prefix_path.sh'
[2.298s] INFO:colcon.colcon_core.shell:Skip shell extension 'powershell' for command environment: Not usable outside of PowerShell
[2.299s] DEBUG:colcon.colcon_core.shell:Skip shell extension 'dsv' for command environment
[3.487s] INFO:colcon.colcon_core.task.python.build:Building Python package in '/home/aysenur/planning_ws/path_planning_ws/src/maze_bot'
[3.489s] INFO:colcon.colcon_core.shell:Skip shell extension 'powershell' for command environment: Not usable outside of PowerShell
[3.490s] DEBUG:colcon.colcon_core.shell:Skip shell extension 'dsv' for command environment
[5.349s] DEBUG:colcon.colcon_core.event_handler.log_command:Invoking command in '/home/aysenur/planning_ws/path_planning_ws/src/maze_bot': PYTHONPATH=/home/aysenur/planning_ws/path_planning_ws/build/maze_bot/prefix_override:/home/aysenur/planning_ws/path_planning_ws/install/maze_bot/lib/python3.8/site-packages:${PYTHONPATH} /usr/bin/python3 setup.py egg_info --egg-base ../../build/maze_bot build --build-base /home/aysenur/planning_ws/path_planning_ws/build/maze_bot/build install --record /home/aysenur/planning_ws/path_planning_ws/build/maze_bot/install.log --single-version-externally-managed
[6.749s] DEBUG:colcon.colcon_core.event_handler.log_command:Invoked command in '/home/aysenur/planning_ws/path_planning_ws/src/maze_bot' returned '0': PYTHONPATH=/home/aysenur/planning_ws/path_planning_ws/build/maze_bot/prefix_override:/home/aysenur/planning_ws/path_planning_ws/install/maze_bot/lib/python3.8/site-packages:${PYTHONPATH} /usr/bin/python3 setup.py egg_info --egg-base ../../build/maze_bot build --build-base /home/aysenur/planning_ws/path_planning_ws/build/maze_bot/build install --record /home/aysenur/planning_ws/path_planning_ws/build/maze_bot/install.log --single-version-externally-managed
[6.779s] Level 1:colcon.colcon_core.environment:checking '/home/aysenur/planning_ws/path_planning_ws/install/maze_bot' for CMake module files
[6.784s] Level 1:colcon.colcon_core.environment:checking '/home/aysenur/planning_ws/path_planning_ws/install/maze_bot' for CMake config files
[6.789s] Level 1:colcon.colcon_core.environment:checking '/home/aysenur/planning_ws/path_planning_ws/install/maze_bot/lib'
[6.789s] Level 1:colcon.colcon_core.environment:checking '/home/aysenur/planning_ws/path_planning_ws/install/maze_bot/bin'
[6.789s] Level 1:colcon.colcon_core.environment:checking '/home/aysenur/planning_ws/path_planning_ws/install/maze_bot/lib/pkgconfig/maze_bot.pc'
[6.790s] Level 1:colcon.colcon_core.environment:checking '/home/aysenur/planning_ws/path_planning_ws/install/maze_bot/lib/python3.8/site-packages'
[6.790s] Level 1:colcon.colcon_core.shell:create_environment_hook('maze_bot', 'pythonpath')
[6.799s] INFO:colcon.colcon_core.shell:Creating environment hook '/home/aysenur/planning_ws/path_planning_ws/install/maze_bot/share/maze_bot/hook/pythonpath.ps1'
[6.805s] INFO:colcon.colcon_core.shell:Creating environment descriptor '/home/aysenur/planning_ws/path_planning_ws/install/maze_bot/share/maze_bot/hook/pythonpath.dsv'
[6.806s] INFO:colcon.colcon_core.shell:Creating environment hook '/home/aysenur/planning_ws/path_planning_ws/install/maze_bot/share/maze_bot/hook/pythonpath.sh'
[6.808s] Level 1:colcon.colcon_core.environment:checking '/home/aysenur/planning_ws/path_planning_ws/install/maze_bot/bin'
[6.808s] Level 1:colcon.colcon_core.environment:create_environment_scripts_only(maze_bot)
[6.811s] INFO:colcon.colcon_core.shell:Creating package script '/home/aysenur/planning_ws/path_planning_ws/install/maze_bot/share/maze_bot/package.ps1'
[6.821s] INFO:colcon.colcon_core.shell:Creating package descriptor '/home/aysenur/planning_ws/path_planning_ws/install/maze_bot/share/maze_bot/package.dsv'
[6.827s] INFO:colcon.colcon_core.shell:Creating package script '/home/aysenur/planning_ws/path_planning_ws/install/maze_bot/share/maze_bot/package.sh'
[6.829s] INFO:colcon.colcon_core.shell:Creating package script '/home/aysenur/planning_ws/path_planning_ws/install/maze_bot/share/maze_bot/package.bash'
[6.831s] INFO:colcon.colcon_core.shell:Creating package script '/home/aysenur/planning_ws/path_planning_ws/install/maze_bot/share/maze_bot/package.zsh'
[6.832s] Level 1:colcon.colcon_core.environment:create_file_with_runtime_dependencies(/home/aysenur/planning_ws/path_planning_ws/install/maze_bot/share/colcon-core/packages/maze_bot)
[6.832s] DEBUG:colcon.colcon_parallel_executor.executor.parallel:closing loop
[6.833s] DEBUG:colcon.colcon_parallel_executor.executor.parallel:loop closed
[6.833s] DEBUG:colcon.colcon_parallel_executor.executor.parallel:run_until_complete finished with '0'
[6.833s] DEBUG:colcon.colcon_core.event_reactor:joining thread
[6.871s] INFO:colcon.colcon_core.plugin_system:Skipping extension 'colcon_notification.desktop_notification.terminal_notifier': Not used on non-Darwin systems
[6.872s] INFO:colcon.colcon_core.plugin_system:Skipping extension 'colcon_notification.desktop_notification.win32': Not used on non-Windows systems
[6.873s] INFO:colcon.colcon_notification.desktop_notification:Sending desktop notification using 'notify2'
[6.957s] DEBUG:colcon.colcon_core.event_reactor:joined thread
[6.966s] INFO:colcon.colcon_core.shell:Creating prefix script '/home/aysenur/planning_ws/path_planning_ws/install/local_setup.ps1'
[6.970s] INFO:colcon.colcon_core.shell:Creating prefix util module '/home/aysenur/planning_ws/path_planning_ws/install/_local_setup_util_ps1.py'
[6.974s] INFO:colcon.colcon_core.shell:Creating prefix chain script '/home/aysenur/planning_ws/path_planning_ws/install/setup.ps1'
[6.988s] INFO:colcon.colcon_core.shell:Creating prefix script '/home/aysenur/planning_ws/path_planning_ws/install/local_setup.sh'
[6.990s] INFO:colcon.colcon_core.shell:Creating prefix util module '/home/aysenur/planning_ws/path_planning_ws/install/_local_setup_util_sh.py'
[6.992s] INFO:colcon.colcon_core.shell:Creating prefix chain script '/home/aysenur/planning_ws/path_planning_ws/install/setup.sh'
[6.994s] INFO:colcon.colcon_core.shell:Creating prefix script '/home/aysenur/planning_ws/path_planning_ws/install/local_setup.bash'
[6.994s] INFO:colcon.colcon_core.shell:Creating prefix chain script '/home/aysenur/planning_ws/path_planning_ws/install/setup.bash'
[6.999s] INFO:colcon.colcon_core.shell:Creating prefix script '/home/aysenur/planning_ws/path_planning_ws/install/local_setup.zsh'
[7.006s] INFO:colcon.colcon_core.shell:Creating prefix chain script '/home/aysenur/planning_ws/path_planning_ws/install/setup.zsh'
