[0.391s] Invoking command in '/home/aysenur/path_planning_ws/src/maze_bot': PYTHONPATH=/home/aysenur/path_planning_ws/build/maze_bot/prefix_override:/home/aysenur/path_planning_ws/install/maze_bot/lib/python3.8/site-packages:${PYTHONPATH} /usr/bin/python3 setup.py egg_info --egg-base ../../build/maze_bot build --build-base /home/aysenur/path_planning_ws/build/maze_bot/build install --record /home/aysenur/path_planning_ws/build/maze_bot/install.log --single-version-externally-managed
[0.518s] running egg_info
[0.518s] writing ../../build/maze_bot/maze_bot.egg-info/PKG-INFO
[0.526s] writing dependency_links to ../../build/maze_bot/maze_bot.egg-info/dependency_links.txt
[0.526s] writing entry points to ../../build/maze_bot/maze_bot.egg-info/entry_points.txt
[0.526s] writing requirements to ../../build/maze_bot/maze_bot.egg-info/requires.txt
[0.526s] writing top-level names to ../../build/maze_bot/maze_bot.egg-info/top_level.txt
[0.548s] reading manifest file '../../build/maze_bot/maze_bot.egg-info/SOURCES.txt'
[0.549s] writing manifest file '../../build/maze_bot/maze_bot.egg-info/SOURCES.txt'
[0.549s] running build
[0.549s] running build_py
[0.549s] running install
[0.550s] running install_lib
[0.551s] running install_data
[0.552s] running install_egg_info
[0.553s] removing '/home/aysenur/path_planning_ws/install/maze_bot/lib/python3.8/site-packages/maze_bot-0.0.0-py3.8.egg-info' (and everything under it)
[0.553s] Copying ../../build/maze_bot/maze_bot.egg-info to /home/aysenur/path_planning_ws/install/maze_bot/lib/python3.8/site-packages/maze_bot-0.0.0-py3.8.egg-info
[0.554s] running install_scripts
[0.564s] Installing driving_node script to /home/aysenur/path_planning_ws/install/maze_bot/lib/maze_bot
[0.565s] Installing go_to_goal script to /home/aysenur/path_planning_ws/install/maze_bot/lib/maze_bot
[0.565s] Installing maze_solver script to /home/aysenur/path_planning_ws/install/maze_bot/lib/maze_bot
[0.565s] Installing video_recorder script to /home/aysenur/path_planning_ws/install/maze_bot/lib/maze_bot
[0.565s] writing list of installed files to '/home/aysenur/path_planning_ws/build/maze_bot/install.log'
[0.578s] Invoked command in '/home/aysenur/path_planning_ws/src/maze_bot' returned '0': PYTHONPATH=/home/aysenur/path_planning_ws/build/maze_bot/prefix_override:/home/aysenur/path_planning_ws/install/maze_bot/lib/python3.8/site-packages:${PYTHONPATH} /usr/bin/python3 setup.py egg_info --egg-base ../../build/maze_bot build --build-base /home/aysenur/path_planning_ws/build/maze_bot/build install --record /home/aysenur/path_planning_ws/build/maze_bot/install.log --single-version-externally-managed
