[2.996s] Invoking command in '/home/aysenur/planning_ws/path_planning_ws/src/maze_bot': PYTHONPATH=/home/aysenur/planning_ws/path_planning_ws/build/maze_bot/prefix_override:/home/aysenur/planning_ws/path_planning_ws/install/maze_bot/lib/python3.8/site-packages:${PYTHONPATH} /usr/bin/python3 setup.py egg_info --egg-base ../../build/maze_bot build --build-base /home/aysenur/planning_ws/path_planning_ws/build/maze_bot/build install --record /home/aysenur/planning_ws/path_planning_ws/build/maze_bot/install.log --single-version-externally-managed
[3.949s] running egg_info
[3.950s] writing ../../build/maze_bot/maze_bot.egg-info/PKG-INFO
[3.950s] writing dependency_links to ../../build/maze_bot/maze_bot.egg-info/dependency_links.txt
[3.951s] writing entry points to ../../build/maze_bot/maze_bot.egg-info/entry_points.txt
[3.951s] writing requirements to ../../build/maze_bot/maze_bot.egg-info/requires.txt
[3.951s] writing top-level names to ../../build/maze_bot/maze_bot.egg-info/top_level.txt
[4.081s] reading manifest file '../../build/maze_bot/maze_bot.egg-info/SOURCES.txt'
[4.089s] writing manifest file '../../build/maze_bot/maze_bot.egg-info/SOURCES.txt'
[4.090s] running build
[4.090s] running build_py
[4.090s] running install
[4.092s] running install_lib
[4.095s] running install_data
[4.101s] running install_egg_info
[4.114s] removing '/home/aysenur/planning_ws/path_planning_ws/install/maze_bot/lib/python3.8/site-packages/maze_bot-0.0.0-py3.8.egg-info' (and everything under it)
[4.116s] Copying ../../build/maze_bot/maze_bot.egg-info to /home/aysenur/planning_ws/path_planning_ws/install/maze_bot/lib/python3.8/site-packages/maze_bot-0.0.0-py3.8.egg-info
[4.123s] running install_scripts
[4.211s] Installing driving_node script to /home/aysenur/planning_ws/path_planning_ws/install/maze_bot/lib/maze_bot
[4.212s] Installing go_to_goal script to /home/aysenur/planning_ws/path_planning_ws/install/maze_bot/lib/maze_bot
[4.213s] Installing maze_solver script to /home/aysenur/planning_ws/path_planning_ws/install/maze_bot/lib/maze_bot
[4.213s] Installing video_recorder script to /home/aysenur/planning_ws/path_planning_ws/install/maze_bot/lib/maze_bot
[4.213s] writing list of installed files to '/home/aysenur/planning_ws/path_planning_ws/build/maze_bot/install.log'
[4.377s] Invoked command in '/home/aysenur/planning_ws/path_planning_ws/src/maze_bot' returned '0': PYTHONPATH=/home/aysenur/planning_ws/path_planning_ws/build/maze_bot/prefix_override:/home/aysenur/planning_ws/path_planning_ws/install/maze_bot/lib/python3.8/site-packages:${PYTHONPATH} /usr/bin/python3 setup.py egg_info --egg-base ../../build/maze_bot build --build-base /home/aysenur/planning_ws/path_planning_ws/build/maze_bot/build install --record /home/aysenur/planning_ws/path_planning_ws/build/maze_bot/install.log --single-version-externally-managed
