[0.603s] DEBUG:colcon:Command line arguments: ['/usr/bin/colcon', 'list', '-p', '--base-paths', '/home/aysenur/planning_ws/path_planning_ws']
[0.603s] DEBUG:colcon:Parsed command line arguments: Namespace(allow_overriding=[], base_paths=['/home/aysenur/planning_ws/path_planning_ws'], build_base='build', ignore_user_meta=False, log_base=None, log_level=None, main=<bound method ListVerb.main of <colcon_package_information.verb.list.ListVerb object at 0x7f5962b986d0>>, metas=['./colcon.meta'], names_only=False, packages_above=None, packages_above_and_dependencies=None, packages_above_depth=None, packages_end=None, packages_ignore=None, packages_ignore_regex=None, packages_select=None, packages_select_build_failed=False, packages_select_by_dep=None, packages_select_regex=None, packages_select_test_failures=False, packages_skip=None, packages_skip_build_finished=False, packages_skip_by_dep=None, packages_skip_regex=None, packages_skip_test_passed=False, packages_skip_up_to=None, packages_start=None, packages_up_to=None, packages_up_to_regex=None, paths=None, paths_only=True, topological_graph=False, topological_graph_density=False, topological_graph_dot=False, topological_graph_dot_cluster=False, topological_graph_dot_include_skipped=False, topological_graph_legend=False, topological_order=False, verb_extension=<colcon_package_information.verb.list.ListVerb object at 0x7f5962b986d0>, verb_name='list', verb_parser=<colcon_defaults.argument_parser.defaults.DefaultArgumentsDecorator object at 0x7f5962a3f6d0>)
[0.646s] Level 1:colcon.colcon_core.package_discovery:discover_packages(colcon_meta) check parameters
[0.646s] Level 1:colcon.colcon_core.package_discovery:discover_packages(recursive) check parameters
[0.646s] Level 1:colcon.colcon_core.package_discovery:discover_packages(ignore) check parameters
[0.646s] Level 1:colcon.colcon_core.package_discovery:discover_packages(path) check parameters
[0.646s] Level 1:colcon.colcon_core.package_discovery:discover_packages(recursive) discover
[0.646s] INFO:colcon.colcon_core.package_discovery:Crawling recursively for packages in '/home/aysenur/planning_ws/path_planning_ws'
[0.647s] Level 1:colcon.colcon_core.package_identification:_identify(/home/aysenur/planning_ws/path_planning_ws) by extensions ['ignore', 'ignore_ament_install']
[0.647s] Level 1:colcon.colcon_core.package_identification:_identify(/home/aysenur/planning_ws/path_planning_ws) by extension 'ignore'
[0.647s] Level 1:colcon.colcon_core.package_identification:_identify(/home/aysenur/planning_ws/path_planning_ws) by extension 'ignore_ament_install'
[0.647s] Level 1:colcon.colcon_core.package_identification:_identify(/home/aysenur/planning_ws/path_planning_ws) by extensions ['colcon_pkg']
[0.647s] Level 1:colcon.colcon_core.package_identification:_identify(/home/aysenur/planning_ws/path_planning_ws) by extension 'colcon_pkg'
[0.647s] Level 1:colcon.colcon_core.package_identification:_identify(/home/aysenur/planning_ws/path_planning_ws) by extensions ['colcon_meta']
[0.647s] Level 1:colcon.colcon_core.package_identification:_identify(/home/aysenur/planning_ws/path_planning_ws) by extension 'colcon_meta'
[0.647s] Level 1:colcon.colcon_core.package_identification:_identify(/home/aysenur/planning_ws/path_planning_ws) by extensions ['ros']
[0.647s] Level 1:colcon.colcon_core.package_identification:_identify(/home/aysenur/planning_ws/path_planning_ws) by extension 'ros'
[0.665s] Level 1:colcon.colcon_core.package_identification:_identify(/home/aysenur/planning_ws/path_planning_ws) by extensions ['cmake', 'python']
[0.665s] Level 1:colcon.colcon_core.package_identification:_identify(/home/aysenur/planning_ws/path_planning_ws) by extension 'cmake'
[0.665s] Level 1:colcon.colcon_core.package_identification:_identify(/home/aysenur/planning_ws/path_planning_ws) by extension 'python'
[0.665s] Level 1:colcon.colcon_core.package_identification:_identify(/home/aysenur/planning_ws/path_planning_ws) by extensions ['python_setup_py']
[0.665s] Level 1:colcon.colcon_core.package_identification:_identify(/home/aysenur/planning_ws/path_planning_ws) by extension 'python_setup_py'
[0.666s] Level 1:colcon.colcon_core.package_identification:_identify(/home/aysenur/planning_ws/path_planning_ws/build) by extensions ['ignore', 'ignore_ament_install']
[0.666s] Level 1:colcon.colcon_core.package_identification:_identify(/home/aysenur/planning_ws/path_planning_ws/build) by extension 'ignore'
[0.666s] Level 1:colcon.colcon_core.package_identification:_identify(/home/aysenur/planning_ws/path_planning_ws/build) ignored
[0.667s] Level 1:colcon.colcon_core.package_identification:_identify(/home/aysenur/planning_ws/path_planning_ws/install) by extensions ['ignore', 'ignore_ament_install']
[0.667s] Level 1:colcon.colcon_core.package_identification:_identify(/home/aysenur/planning_ws/path_planning_ws/install) by extension 'ignore'
[0.667s] Level 1:colcon.colcon_core.package_identification:_identify(/home/aysenur/planning_ws/path_planning_ws/install) ignored
[0.667s] Level 1:colcon.colcon_core.package_identification:_identify(/home/aysenur/planning_ws/path_planning_ws/log) by extensions ['ignore', 'ignore_ament_install']
[0.667s] Level 1:colcon.colcon_core.package_identification:_identify(/home/aysenur/planning_ws/path_planning_ws/log) by extension 'ignore'
[0.667s] Level 1:colcon.colcon_core.package_identification:_identify(/home/aysenur/planning_ws/path_planning_ws/log) ignored
[0.667s] Level 1:colcon.colcon_core.package_identification:_identify(/home/aysenur/planning_ws/path_planning_ws/src) by extensions ['ignore', 'ignore_ament_install']
[0.667s] Level 1:colcon.colcon_core.package_identification:_identify(/home/aysenur/planning_ws/path_planning_ws/src) by extension 'ignore'
[0.668s] Level 1:colcon.colcon_core.package_identification:_identify(/home/aysenur/planning_ws/path_planning_ws/src) by extension 'ignore_ament_install'
[0.668s] Level 1:colcon.colcon_core.package_identification:_identify(/home/aysenur/planning_ws/path_planning_ws/src) by extensions ['colcon_pkg']
[0.668s] Level 1:colcon.colcon_core.package_identification:_identify(/home/aysenur/planning_ws/path_planning_ws/src) by extension 'colcon_pkg'
[0.668s] Level 1:colcon.colcon_core.package_identification:_identify(/home/aysenur/planning_ws/path_planning_ws/src) by extensions ['colcon_meta']
[0.668s] Level 1:colcon.colcon_core.package_identification:_identify(/home/aysenur/planning_ws/path_planning_ws/src) by extension 'colcon_meta'
[0.669s] Level 1:colcon.colcon_core.package_identification:_identify(/home/aysenur/planning_ws/path_planning_ws/src) by extensions ['ros']
[0.669s] Level 1:colcon.colcon_core.package_identification:_identify(/home/aysenur/planning_ws/path_planning_ws/src) by extension 'ros'
[0.669s] Level 1:colcon.colcon_core.package_identification:_identify(/home/aysenur/planning_ws/path_planning_ws/src) by extensions ['cmake', 'python']
[0.669s] Level 1:colcon.colcon_core.package_identification:_identify(/home/aysenur/planning_ws/path_planning_ws/src) by extension 'cmake'
[0.669s] Level 1:colcon.colcon_core.package_identification:_identify(/home/aysenur/planning_ws/path_planning_ws/src) by extension 'python'
[0.669s] Level 1:colcon.colcon_core.package_identification:_identify(/home/aysenur/planning_ws/path_planning_ws/src) by extensions ['python_setup_py']
[0.669s] Level 1:colcon.colcon_core.package_identification:_identify(/home/aysenur/planning_ws/path_planning_ws/src) by extension 'python_setup_py'
[0.669s] Level 1:colcon.colcon_core.package_identification:_identify(/home/aysenur/planning_ws/path_planning_ws/src/maze_bot) by extensions ['ignore', 'ignore_ament_install']
[0.669s] Level 1:colcon.colcon_core.package_identification:_identify(/home/aysenur/planning_ws/path_planning_ws/src/maze_bot) by extension 'ignore'
[0.669s] Level 1:colcon.colcon_core.package_identification:_identify(/home/aysenur/planning_ws/path_planning_ws/src/maze_bot) by extension 'ignore_ament_install'
[0.669s] Level 1:colcon.colcon_core.package_identification:_identify(/home/aysenur/planning_ws/path_planning_ws/src/maze_bot) by extensions ['colcon_pkg']
[0.669s] Level 1:colcon.colcon_core.package_identification:_identify(/home/aysenur/planning_ws/path_planning_ws/src/maze_bot) by extension 'colcon_pkg'
[0.669s] Level 1:colcon.colcon_core.package_identification:_identify(/home/aysenur/planning_ws/path_planning_ws/src/maze_bot) by extensions ['colcon_meta']
[0.670s] Level 1:colcon.colcon_core.package_identification:_identify(/home/aysenur/planning_ws/path_planning_ws/src/maze_bot) by extension 'colcon_meta'
[0.670s] Level 1:colcon.colcon_core.package_identification:_identify(/home/aysenur/planning_ws/path_planning_ws/src/maze_bot) by extensions ['ros']
[0.670s] Level 1:colcon.colcon_core.package_identification:_identify(/home/aysenur/planning_ws/path_planning_ws/src/maze_bot) by extension 'ros'
[0.674s] DEBUG:colcon.colcon_core.package_identification:Package '/home/aysenur/planning_ws/path_planning_ws/src/maze_bot' with type 'ros.ament_python' and name 'maze_bot'
[0.674s] Level 1:colcon.colcon_core.package_discovery:discover_packages(recursive) using defaults
