running egg_info
writing ../../build/maze_bot/maze_bot.egg-info/PKG-INFO
writing dependency_links to ../../build/maze_bot/maze_bot.egg-info/dependency_links.txt
writing entry points to ../../build/maze_bot/maze_bot.egg-info/entry_points.txt
writing requirements to ../../build/maze_bot/maze_bot.egg-info/requires.txt
writing top-level names to ../../build/maze_bot/maze_bot.egg-info/top_level.txt
reading manifest file '../../build/maze_bot/maze_bot.egg-info/SOURCES.txt'
writing manifest file '../../build/maze_bot/maze_bot.egg-info/SOURCES.txt'
running build
running build_py
copying maze_bot/bot_motionplanning.py -> /home/aysenur/planning_ws/path_planning_ws/build/maze_bot/build/lib/maze_bot
running install
running install_lib
copying /home/aysenur/planning_ws/path_planning_ws/build/maze_bot/build/lib/maze_bot/bot_motionplanning.py -> /home/aysenur/planning_ws/path_planning_ws/install/maze_bot/lib/python3.8/site-packages/maze_bot
byte-compiling /home/aysenur/planning_ws/path_planning_ws/install/maze_bot/lib/python3.8/site-packages/maze_bot/bot_motionplanning.py to bot_motionplanning.cpython-38.pyc
running install_data
copying urdf/maze_bot.urdf -> /home/aysenur/planning_ws/path_planning_ws/install/maze_bot/share/maze_bot/urdf
running install_egg_info
removing '/home/aysenur/planning_ws/path_planning_ws/install/maze_bot/lib/python3.8/site-packages/maze_bot-0.0.0-py3.8.egg-info' (and everything under it)
Copying ../../build/maze_bot/maze_bot.egg-info to /home/aysenur/planning_ws/path_planning_ws/install/maze_bot/lib/python3.8/site-packages/maze_bot-0.0.0-py3.8.egg-info
running install_scripts
Installing driving_node script to /home/aysenur/planning_ws/path_planning_ws/install/maze_bot/lib/maze_bot
Installing go_to_goal script to /home/aysenur/planning_ws/path_planning_ws/install/maze_bot/lib/maze_bot
Installing maze_solver script to /home/aysenur/planning_ws/path_planning_ws/install/maze_bot/lib/maze_bot
Installing video_recorder script to /home/aysenur/planning_ws/path_planning_ws/install/maze_bot/lib/maze_bot
writing list of installed files to '/home/aysenur/planning_ws/path_planning_ws/build/maze_bot/install.log'
